<?xml version="1.0" encoding="UTF-8"?>
<!-- Generated by org.testng.reporters.JUnitXMLReporter -->
<testsuite ignored="4" hostname="FarahYulianti" failures="0" tests="3" name="Surefire test" time="4.222" errors="0" timestamp="26 Mar 2024 11:39:10 GMT">
  <testcase classname="GetMealPlanTest" name="testComplexSearch" time="2.119"/>
  <testcase classname="GetMealPlanTest" name="testMealPlannerGenerate" time="1.294"/>
  <testcase classname="PostMealPlanTest" name="addItemToMealPlanner" time="0.692"/>
  <testcase classname="BaseTest" name="@AfterSuite TearDownSuite" time="0.0">
    <ignored/>
  </testcase> <!-- @AfterSuite TearDownSuite -->
  <testcase classname="BaseTest" name="@AfterSuite TearDownSuite" time="0.0">
    <ignored/>
  </testcase> <!-- @AfterSuite TearDownSuite -->
  <testcase classname="BaseTest" name="@BeforeSuite SetUpSuite" time="0.0">
    <ignored/>
  </testcase> <!-- @BeforeSuite SetUpSuite -->
  <testcase classname="BaseTest" name="@BeforeSuite SetUpSuite" time="0.0">
    <ignored/>
  </testcase> <!-- @BeforeSuite SetUpSuite -->
</testsuite> <!-- Surefire test -->
