<?xml version="1.0" encoding="UTF-8"?>
<testsuite xmlns:xsi="http://www.w3.org/2001/XMLSchema-instance" xsi:noNamespaceSchemaLocation="https://maven.apache.org/surefire/maven-surefire-plugin/xsd/surefire-test-report-3.0.xsd" version="3.0" name="TestSuite" time="5.252" tests="3" errors="0" skipped="0" failures="0">
  <properties>
[...]
</properties>
  <testcase name="testComplexSearch" classname="GetMealPlanTest" time="2.154">
    <system-out><![CDATA[{
    "aisles": [
        
    ],
    "cost": 0.0,
    "startDate": 1711453149,
    "endDate": 1712057949
}
]]></system-out>
    <system-err><![CDATA[SLF4J: Failed to load class "org.slf4j.impl.StaticLoggerBinder".
SLF4J: Defaulting to no-operation (NOP) logger implementation
SLF4J: See http://www.slf4j.org/codes.html#StaticLoggerBinder for further details.
]]></system-err>
  </testcase>
  <testcase name="testMealPlannerGenerate" classname="GetMealPlanTest" time="1.296"/>
  <testcase name="addItemToMealPlanner" classname="PostMealPlanTest" time="0.692"/>
</testsuite>