<?xml version="1.0" encoding="UTF-8"?>
<testng-results ignored="4" total="7" passed="3" failed="0" skipped="0">
  <reporter-output>
  </reporter-output>
  <suite started-at="2024-03-26T11:39:06Z" name="Surefire suite" finished-at="2024-03-26T11:39:10Z" duration-ms="4222">
    <groups>
    </groups>
    <test started-at="2024-03-26T11:39:06Z" name="Surefire test" finished-at="2024-03-26T11:39:10Z" duration-ms="4222">
      <class name="PostMealPlanTest">
        <test-method signature="addItemToMealPlanner()[pri:0, instance:PostMealPlanTest@355ce81c]" started-at="2024-03-26T18:39:09Z" name="addItemToMealPlanner" description="Add items to the meal planner" finished-at="2024-03-26T18:39:10Z" duration-ms="692" status="PASS">
          <reporter-output>
          </reporter-output>
        </test-method> <!-- addItemToMealPlanner -->
      </class> <!-- PostMealPlanTest -->
      <class name="GetMealPlanTest">
        <test-method signature="testComplexSearch()[pri:0, instance:GetMealPlanTest@2892dae4]" started-at="2024-03-26T18:39:06Z" name="testComplexSearch" description="Test ShoppingList" finished-at="2024-03-26T18:39:08Z" duration-ms="2119" status="PASS">
          <reporter-output>
          </reporter-output>
        </test-method> <!-- testComplexSearch -->
        <test-method signature="testMealPlannerGenerate()[pri:0, instance:GetMealPlanTest@2892dae4]" started-at="2024-03-26T18:39:08Z" name="testMealPlannerGenerate" description="Test Meal Planner Generate Endpoint" finished-at="2024-03-26T18:39:09Z" duration-ms="1294" status="PASS">
          <reporter-output>
          </reporter-output>
        </test-method> <!-- testMealPlannerGenerate -->
      </class> <!-- GetMealPlanTest -->
      <class name="BaseTest">
        <test-method is-config="true" signature="SetUpSuite()[pri:0, instance:BaseTest@13b13b5d]" started-at="2024-03-26T18:39:05Z" name="SetUpSuite" description="Configure URI" finished-at="2024-03-26T18:39:06Z" duration-ms="391" status="PASS">
          <reporter-output>
          </reporter-output>
        </test-method> <!-- SetUpSuite -->
        <test-method is-config="true" signature="TearDownSuite()[pri:0, instance:BaseTest@13b13b5d]" started-at="2024-03-26T18:39:10Z" name="TearDownSuite" finished-at="2024-03-26T18:39:10Z" duration-ms="6" status="PASS">
          <reporter-output>
          </reporter-output>
        </test-method> <!-- TearDownSuite -->
      </class> <!-- BaseTest -->
    </test> <!-- Surefire test -->
  </suite> <!-- Surefire suite -->
</testng-results>
